ISim log file
Running: C:\Users\Patrick\Desktop\Xilinx\RISC_Processor\RISC_Processor_tb_isim_beh.exe -intstyle ise -gui -tclbatch isim.cmd -wdb C:/Users/Patrick/Desktop/Xilinx/RISC_Processor/RISC_Processor_tb_isim_beh.wdb 
ISim P.20131013 (signature 0x7708f090)
WARNING: A WEBPACK license was found.
WARNING: Please use Xilinx License Configuration Manager to check out a full ISim license.
WARNING: ISim will run in Lite mode. Please refer to the ISim documentation for more information on the differences between the Lite and the Full version.
This is a Lite version of ISim.
Time resolution is 1 ps
# onerror resume
# wave add /
# run 1000 ns
Simulator is doing circuit initialization process.
Start of loop: instruction = xxxxxxxxxxxxxxxx
Start of loop: Opcode = xxxx
START: alu_sel = 000
End of controller: alu_sel = 000
 
Finished circuit initialization process.
Start of loop: instruction = xxxxxxxxxxxxxxxx
Start of loop: Opcode = xxxx
FETCH1
End of controller: alu_sel = 000
 
Start of loop: instruction = xxxxxxxxxxxxxxxx
Start of loop: Opcode = xxxx
FETCH2
End of controller: alu_sel = 000
 
Start of loop: instruction = xxxxxxxxxxxxxxxx
Start of loop: Opcode = xxxx
DECODE
End of controller: alu_sel = 000
 
Start of loop: instruction = xxxxxxxxxxxxxxxx
Start of loop: Opcode = xxxx
MEM
End of controller: alu_sel = 000
 
Start of loop: instruction = xxxxxxxxxxxxxxxx
Start of loop: Opcode = xxxx
WB
End of controller: alu_sel = 000
 
Start of loop: instruction = xxxxxxxxxxxxxxxx
Start of loop: Opcode = xxxx
FETCH1
End of controller: alu_sel = 000
 
Start of loop: instruction = xxxxxxxxxxxxxxxx
Start of loop: Opcode = xxxx
FETCH2
End of controller: alu_sel = 000
 
Start of loop: instruction = xxxxxxxxxxxxxxxx
Start of loop: Opcode = xxxx
DECODE
End of controller: alu_sel = 000
 
Start of loop: instruction = 1001001000010000
Start of loop: Opcode = xxxx
DECODE
End of controller: alu_sel = 000
 
Start of loop: instruction = 1001001000010000
Start of loop: Opcode = 1001
DECODE
LD 1001: alu_sel = 000
End of controller: alu_sel = 000
 
Start of loop: instruction = 1001001000010000
Start of loop: Opcode = 1001
MEM
End of controller: alu_sel = 000
 
Start of loop: instruction = 1001001000010000
Start of loop: Opcode = 1001
WB
End of controller: alu_sel = 000
 
Start of loop: instruction = 1001001000010000
Start of loop: Opcode = 1001
FETCH1
End of controller: alu_sel = 000
 
Start of loop: instruction = 1001001000010000
Start of loop: Opcode = 1001
FETCH2
End of controller: alu_sel = 000
 
Start of loop: instruction = 1001001000010000
Start of loop: Opcode = 1001
DECODE
LD 1001: alu_sel = 000
End of controller: alu_sel = 000
 
Start of loop: instruction = 1001001100011110
Start of loop: Opcode = 1001
DECODE
LD 1001: alu_sel = 000
End of controller: alu_sel = 000
 
Start of loop: instruction = 1001001100011110
Start of loop: Opcode = 1001
MEM
End of controller: alu_sel = 000
 
Start of loop: instruction = 1001001100011110
Start of loop: Opcode = 1001
WB
End of controller: alu_sel = 000
 
Start of loop: instruction = 1001001100011110
Start of loop: Opcode = 1001
FETCH1
End of controller: alu_sel = 000
 
Start of loop: instruction = 1001001100011110
Start of loop: Opcode = 1001
FETCH2
End of controller: alu_sel = 000
 
Start of loop: instruction = 1001001100011110
Start of loop: Opcode = 1001
DECODE
LD 1001: alu_sel = 000
End of controller: alu_sel = 000
 
Start of loop: instruction = 0001010000100011
Start of loop: Opcode = 1001
DECODE
LD 1001: alu_sel = 000
End of controller: alu_sel = 000
 
Start of loop: instruction = 0001010000100011
Start of loop: Opcode = 0001
DECODE
SUB 0001: alu_sel = 001
End of controller: alu_sel = 001
 
Start of loop: instruction = 0001010000100011
Start of loop: Opcode = 0001
MEM
End of controller: alu_sel = 001
 
Start of loop: instruction = 0001010000100011
Start of loop: Opcode = 0001
WB
End of controller: alu_sel = 001
 
Start of loop: instruction = 0001010000100011
Start of loop: Opcode = 0001
FETCH1
End of controller: alu_sel = 001
 
Start of loop: instruction = 0001010000100011
Start of loop: Opcode = 0001
FETCH2
End of controller: alu_sel = 001
 
Start of loop: instruction = 0001010000100011
Start of loop: Opcode = 0001
DECODE
SUB 0001: alu_sel = 001
End of controller: alu_sel = 001
 
Start of loop: instruction = 1010010000001100
Start of loop: Opcode = 0001
DECODE
SUB 0001: alu_sel = 001
End of controller: alu_sel = 001
 
Start of loop: instruction = 1010010000001100
Start of loop: Opcode = 1010
DECODE
SW 1010: alu_sel = 001
End of controller: alu_sel = 001
 
Start of loop: instruction = 1010010000001100
Start of loop: Opcode = 1010
MEM
End of controller: alu_sel = 001
 
Start of loop: instruction = 1010010000001100
Start of loop: Opcode = 1010
WB
End of controller: alu_sel = 001
 
Start of loop: instruction = 1010010000001100
Start of loop: Opcode = 1010
FETCH1
End of controller: alu_sel = 001
 
Start of loop: instruction = 1010010000001100
Start of loop: Opcode = 1010
FETCH2
End of controller: alu_sel = 001
 
Start of loop: instruction = 1010010000001100
Start of loop: Opcode = 1010
DECODE
SW 1010: alu_sel = 001
End of controller: alu_sel = 001
 
Start of loop: instruction = 1001000100011110
Start of loop: Opcode = 1010
DECODE
SW 1010: alu_sel = 001
End of controller: alu_sel = 001
 
Start of loop: instruction = 1001000100011110
Start of loop: Opcode = 1001
DECODE
LD 1001: alu_sel = 001
End of controller: alu_sel = 001
 
Start of loop: instruction = 1001000100011110
Start of loop: Opcode = 1001
MEM
End of controller: alu_sel = 001
 
Start of loop: instruction = 1001000100011110
Start of loop: Opcode = 1001
WB
End of controller: alu_sel = 001
 
Start of loop: instruction = 1001000100011110
Start of loop: Opcode = 1001
FETCH1
End of controller: alu_sel = 001
 
Start of loop: instruction = 1001000100011110
Start of loop: Opcode = 1001
FETCH2
End of controller: alu_sel = 001
 
Start of loop: instruction = 1001000100011110
Start of loop: Opcode = 1001
DECODE
LD 1001: alu_sel = 001
End of controller: alu_sel = 001
 
Start of loop: instruction = 1001101100001100
Start of loop: Opcode = 1001
DECODE
LD 1001: alu_sel = 001
End of controller: alu_sel = 001
 
Start of loop: instruction = 1001101100001100
Start of loop: Opcode = 1001
MEM
End of controller: alu_sel = 001
 
Start of loop: instruction = 1001101100001100
Start of loop: Opcode = 1001
WB
End of controller: alu_sel = 001
 
Start of loop: instruction = 1001101100001100
Start of loop: Opcode = 1001
FETCH1
End of controller: alu_sel = 001
 
Start of loop: instruction = 1001101100001100
Start of loop: Opcode = 1001
FETCH2
End of controller: alu_sel = 001
 
Start of loop: instruction = 1001101100001100
Start of loop: Opcode = 1001
DECODE
LD 1001: alu_sel = 001
End of controller: alu_sel = 001
 
Start of loop: instruction = 0000001100010010
Start of loop: Opcode = 1001
DECODE
LD 1001: alu_sel = 001
End of controller: alu_sel = 001
 
Start of loop: instruction = 0000001100010010
Start of loop: Opcode = 0000
DECODE
ADD 0000: alu_sel = 000
End of controller: alu_sel = 000
 
Start of loop: instruction = 0000001100010010
Start of loop: Opcode = 0000
MEM
End of controller: alu_sel = 000
 
Start of loop: instruction = 0000001100010010
Start of loop: Opcode = 0000
FETCH1
End of controller: alu_sel = 000
 
Start of loop: instruction = 0000001100010010
Start of loop: Opcode = 0000
FETCH2
End of controller: alu_sel = 000
 
Start of loop: instruction = 0000001100010010
Start of loop: Opcode = 0000
DECODE
ADD 0000: alu_sel = 000
End of controller: alu_sel = 000
 
Start of loop: instruction = 1010001100010000
Start of loop: Opcode = 0000
DECODE
ADD 0000: alu_sel = 000
End of controller: alu_sel = 000
 
Start of loop: instruction = 1010001100010000
Start of loop: Opcode = 1010
DECODE
SW 1010: alu_sel = 000
End of controller: alu_sel = 000
 
Start of loop: instruction = 1010001100010000
Start of loop: Opcode = 1010
MEM
End of controller: alu_sel = 000
 
Start of loop: instruction = 1010001100010000
Start of loop: Opcode = 1010
FETCH1
End of controller: alu_sel = 000
 
Start of loop: instruction = 1010001100010000
Start of loop: Opcode = 1010
FETCH2
End of controller: alu_sel = 000
 
Start of loop: instruction = 1010001100010000
Start of loop: Opcode = 1010
DECODE
SW 1010: alu_sel = 000
End of controller: alu_sel = 000
 
Start of loop: instruction = xxxxxxxxxxxxxxxx
Start of loop: Opcode = 1010
DECODE
SW 1010: alu_sel = 000
End of controller: alu_sel = 000
 
Start of loop: instruction = xxxxxxxxxxxxxxxx
Start of loop: Opcode = xxxx
DECODE
End of controller: alu_sel = 000
 
Start of loop: instruction = xxxxxxxxxxxxxxxx
Start of loop: Opcode = xxxx
MEM
End of controller: alu_sel = 000
 
Start of loop: instruction = xxxxxxxxxxxxxxxx
Start of loop: Opcode = xxxx
FETCH1
End of controller: alu_sel = 000
 
Start of loop: instruction = xxxxxxxxxxxxxxxx
Start of loop: Opcode = xxxx
FETCH2
End of controller: alu_sel = 000
 
Start of loop: instruction = xxxxxxxxxxxxxxxx
Start of loop: Opcode = xxxx
DECODE
End of controller: alu_sel = 000
 
